<?xml version="1.0" encoding="UTF-8"?>
<!-- Generated by org.testng.reporters.JUnitXMLReporter -->
<testsuite hostname="DESKTOP-R51096T" ignored="1" name="test" tests="13" failures="0" timestamp="2023-04-12T00:23:08 IST" time="15.076" errors="0">
  <testcase name="browser" time="2.189" classname="org.mavenpro.BookMyShow"/>
  <testcase name="url" time="2.096" classname="org.mavenpro.BookMyShow"/>
  <testcase name="implicitlywait" time="0.012" classname="org.mavenpro.BookMyShow"/>
  <testcase name="select_movie" time="0.124" classname="org.mavenpro.BookMyShow"/>
  <testcase name="book_tickets" time="2.722" classname="org.mavenpro.BookMyShow"/>
  <testcase name="personalized" time="4.782" classname="org.mavenpro.BookMyShow"/>
  <testcase name="select_theatre" time="0.164" classname="org.mavenpro.BookMyShow"/>
  <testcase name="termsandc0nditions" time="0.133" classname="org.mavenpro.BookMyShow"/>
  <testcase name="selectnoofseats" time="0.572" classname="org.mavenpro.BookMyShow"/>
  <testcase name="selectbutton" time="0.15" classname="org.mavenpro.BookMyShow"/>
  <testcase name="seat_selection" time="0.349" classname="org.mavenpro.BookMyShow"/>
  <testcase name="pay" time="0.108" classname="org.mavenpro.BookMyShow"/>
  <testcase name="prepay" time="1.617" classname="org.mavenpro.BookMyShow"/>
  <testcase name="date" time="0.0" classname="org.mavenpro.BookMyShow">
    <ignored/>
  </testcase> <!-- date -->
</testsuite> <!-- test -->
