<?xml version="1.0" encoding="UTF-8"?>
<!-- Generated by org.testng.reporters.JUnitXMLReporter -->
<testsuite hostname="DESKTOP-R51096T" ignored="0" name="Default test" tests="6" failures="0" timestamp="2023-05-16T01:40:13 IST" time="15.817" errors="0">
  <testcase name="browser" time="2.27" classname="org.mavenpro.Nykaa_testngpractice"/>
  <testcase name="url" time="4.743" classname="org.mavenpro.Nykaa_testngpractice"/>
  <testcase name="women" time="2.482" classname="org.mavenpro.Nykaa_testngpractice"/>
  <testcase name="allwindow" time="0.168" classname="org.mavenpro.Nykaa_testngpractice"/>
  <testcase name="dress" time="5.505" classname="org.mavenpro.Nykaa_testngpractice"/>
  <testcase name="select" time="0.597" classname="org.mavenpro.Nykaa_testngpractice"/>
</testsuite> <!-- Default test -->
